<?xml version="1.0" encoding="UTF-8"?>
<!-- Generated by org.testng.reporters.JUnitReportReporter -->
<testsuite hostname="SAMSUL-PC" name="CreateNewUserTest" tests="1" failures="0" timestamp="26 Feb 2018 07:37:27 GMT" time="26.999" errors="0">
  <testcase name="createNewUserTest" time="26.999" classname="CreateNewUserTest"/>
</testsuite> <!-- CreateNewUserTest -->
